2026-07-09 16:03:19,500 - Нейтральный тренд или далеко от линии поддержки/сопротивления
2026-07-09 16:04:25,401 - ETHUSDT Нейтральный тренд или далеко от линии поддержки/сопротивления
2026-07-09 16:10:47,008 - ETHUSDT Нейтральный тренд или далеко от линии поддержки/сопротивления
2026-07-09 16:25:51,809 - ETHUSDT Нейтральный тренд или далеко от линии поддержки/сопротивления
2026-07-09 16:40:56,606 - ETHUSDT Нейтральный тренд или далеко от линии поддержки/сопротивления
2026-07-09 16:56:01,441 - ETHUSDT Нейтральный тренд или далеко от линии поддержки/сопротивления
2026-07-09 17:11:06,622 - ETHUSDT Нейтральный тренд или далеко от линии поддержки/сопротивления
2026-07-09 17:26:11,762 - ETHUSDT Нейтральный тренд или далеко от линии поддержки/сопротивления
2026-07-09 17:41:16,585 - ETHUSDT Нейтральный тренд или далеко от линии поддержки/сопротивления
2026-07-09 17:56:21,971 - Покупка ETHUSDT
Цена: 1740.73
SL=1723.3308
TP=1784.228
2026-07-09 16:10:42.321534
2026-07-10 06:54:13,295 - Продажа BTCUSDT
Цена: 63889.3
SL=64453.836
TP=62477.96000000001
2026-07-10 01:38:45.622393
2026-07-10 13:24:45,387 - ETHUSDT Нейтральный тренд или далеко от линии поддержки/сопротивления
2026-07-10 13:39:50,171 - ETHUSDT Нейтральный тренд или далеко от линии поддержки/сопротивления
2026-07-10 13:54:54,933 - ETHUSDT Нейтральный тренд или далеко от линии поддержки/сопротивления
2026-07-10 14:09:59,651 - ETHUSDT Нейтральный тренд или далеко от линии поддержки/сопротивления
2026-07-10 14:25:04,730 - ETHUSDT Нейтральный тренд или далеко от линии поддержки/сопротивления
2026-07-10 14:40:08,940 - BTCUSDT Нейтральный тренд или далеко от линии поддержки/сопротивления
2026-07-10 14:40:13,216 - ETHUSDT Нейтральный тренд или далеко от линии поддержки/сопротивления
2026-07-10 14:55:17,506 - BTCUSDT Нейтральный тренд или далеко от линии поддержки/сопротивления
2026-07-10 14:55:21,704 - ETHUSDT Нейтральный тренд или далеко от линии поддержки/сопротивления
2026-07-10 15:10:25,983 - BTCUSDT Нейтральный тренд или далеко от линии поддержки/сопротивления
2026-07-10 15:10:30,234 - ETHUSDT Нейтральный тренд или далеко от линии поддержки/сопротивления
2026-07-10 15:25:34,455 - BTCUSDT Нейтральный тренд или далеко от линии поддержки/сопротивления
2026-07-10 15:25:38,655 - ETHUSDT Нейтральный тренд или далеко от линии поддержки/сопротивления
2026-07-10 15:40:42,920 - BTCUSDT Нейтральный тренд или далеко от линии поддержки/сопротивления
2026-07-10 15:40:47,183 - ETHUSDT Нейтральный тренд или далеко от линии поддержки/сопротивления
2026-07-10 15:55:51,431 - BTCUSDT Нейтральный тренд или далеко от линии поддержки/сопротивления
2026-07-10 15:55:55,703 - ETHUSDT Нейтральный тренд или далеко от линии поддержки/сопротивления
2026-07-10 16:10:59,955 - BTCUSDT Нейтральный тренд или далеко от линии поддержки/сопротивления
2026-07-10 16:11:04,165 - ETHUSDT Нейтральный тренд или далеко от линии поддержки/сопротивления
2026-07-10 16:26:08,429 - BTCUSDT Нейтральный тренд или далеко от линии поддержки/сопротивления
2026-07-10 16:26:12,644 - ETHUSDT Нейтральный тренд или далеко от линии поддержки/сопротивления
2026-07-10 16:41:16,923 - BTCUSDT Нейтральный тренд или далеко от линии поддержки/сопротивления
2026-07-10 16:41:21,190 - ETHUSDT Нейтральный тренд или далеко от линии поддержки/сопротивления
2026-07-10 16:56:25,425 - BTCUSDT Нейтральный тренд или далеко от линии поддержки/сопротивления
2026-07-10 16:56:29,649 - ETHUSDT Нейтральный тренд или далеко от линии поддержки/сопротивления
2026-07-10 17:11:33,921 - BTCUSDT Нейтральный тренд или далеко от линии поддержки/сопротивления
2026-07-10 17:11:38,131 - ETHUSDT Нейтральный тренд или далеко от линии поддержки/сопротивления
2026-07-10 17:26:42,379 - BTCUSDT Нейтральный тренд или далеко от линии поддержки/сопротивления
2026-07-10 17:26:46,568 - ETHUSDT Нейтральный тренд или далеко от линии поддержки/сопротивления
2026-07-10 17:41:50,801 - BTCUSDT Нейтральный тренд или далеко от линии поддержки/сопротивления
2026-07-10 17:41:55,051 - ETHUSDT Нейтральный тренд или далеко от линии поддержки/сопротивления
2026-07-10 17:56:59,280 - BTCUSDT Нейтральный тренд или далеко от линии поддержки/сопротивления
2026-07-10 17:57:03,480 - ETHUSDT Нейтральный тренд или далеко от линии поддержки/сопротивления
2026-07-10 18:12:07,716 - BTCUSDT Нейтральный тренд или далеко от линии поддержки/сопротивления
2026-07-10 18:12:11,983 - ETHUSDT Нейтральный тренд или далеко от линии поддержки/сопротивления
2026-07-10 18:27:16,738 - Продажа BTCUSDT
Цена: 64171.5
SL=64621.0992
TP=63047.502
2026-07-10 01:38:45.622393
2026-07-10 18:27:20,976 - ETHUSDT Нейтральный тренд или далеко от линии поддержки/сопротивления
2026-07-10 18:42:26,042 - ETHUSDT Нейтральный тренд или далеко от линии поддержки/сопротивления
2026-07-10 18:57:30,209 - BTCUSDT Нейтральный тренд или далеко от линии поддержки/сопротивления
2026-07-10 18:57:34,406 - ETHUSDT Нейтральный тренд или далеко от линии поддержки/сопротивления
2026-07-10 19:12:38,674 - BTCUSDT Нейтральный тренд или далеко от линии поддержки/сопротивления
2026-07-10 19:12:42,933 - ETHUSDT Нейтральный тренд или далеко от линии поддержки/сопротивления
2026-07-10 19:27:47,726 - Продажа BTCUSDT
Цена: 64042.2
SL=64579.1334
TP=62699.8665
2026-07-10 01:38:45.622393
2026-07-10 19:27:52,672 - Покупка ETHUSDT
Цена: 1787.32
SL=1767.5044
TP=1836.859
2026-07-10 01:38:45.622393
2026-07-13 05:22:00,399 - ETHUSDT Нейтральный тренд или далеко от линии поддержки/сопротивления
2026-07-13 05:37:05,156 - ETHUSDT Нейтральный тренд или далеко от линии поддержки/сопротивления
2026-07-13 05:52:09,908 - ETHUSDT Нейтральный тренд или далеко от линии поддержки/сопротивления
2026-07-13 06:07:14,612 - ETHUSDT Нейтральный тренд или далеко от линии поддержки/сопротивления
2026-07-13 06:22:19,693 - ETHUSDT Нейтральный тренд или далеко от линии поддержки/сопротивления
2026-07-13 06:37:24,431 - ETHUSDT Нейтральный тренд или далеко от линии поддержки/сопротивления
2026-07-13 06:52:29,821 - Покупка ETHUSDT
Цена: 1810.09
SL=1788.8682
TP=1863.1444999999999
2026-07-11 03:18:14.441673
2026-07-13 08:07:39,286 - Покупка ETHUSDT
Цена: 1791.53
SL=1768.702
TP=1848.6
2026-07-11 03:18:14.441673
2026-07-13 09:07:46,881 - BTCUSDT Нейтральный тренд или далеко от линии поддержки/сопротивления
2026-07-13 09:22:51,701 - BTCUSDT Нейтральный тренд или далеко от линии поддержки/сопротивления
2026-07-13 09:37:56,310 - BTCUSDT Нейтральный тренд или далеко от линии поддержки/сопротивления
2026-07-13 09:53:01,017 - BTCUSDT Нейтральный тренд или далеко от линии поддержки/сопротивления
2026-07-13 10:08:05,689 - BTCUSDT Нейтральный тренд или далеко от линии поддержки/сопротивления
2026-07-13 10:23:10,425 - BTCUSDT Нейтральный тренд или далеко от линии поддержки/сопротивления
2026-07-13 10:38:15,174 - BTCUSDT Нейтральный тренд или далеко от линии поддержки/сопротивления
2026-07-13 10:53:19,933 - BTCUSDT Нейтральный тренд или далеко от линии поддержки/сопротивления
2026-07-13 11:08:24,683 - BTCUSDT Нейтральный тренд или далеко от линии поддержки/сопротивления
2026-07-13 11:23:29,387 - BTCUSDT Нейтральный тренд или далеко от линии поддержки/сопротивления
2026-07-13 11:38:34,136 - BTCUSDT Нейтральный тренд или далеко от линии поддержки/сопротивления
2026-07-13 11:53:38,929 - BTCUSDT Нейтральный тренд или далеко от линии поддержки/сопротивления
2026-07-13 12:08:43,785 - BTCUSDT Нейтральный тренд или далеко от линии поддержки/сопротивления
2026-07-13 12:23:48,594 - BTCUSDT Нейтральный тренд или далеко от линии поддержки/сопротивления
2026-07-13 12:38:53,393 - BTCUSDT Нейтральный тренд или далеко от линии поддержки/сопротивления
2026-07-13 12:53:58,220 - BTCUSDT Нейтральный тренд или далеко от линии поддержки/сопротивления
2026-07-13 13:09:03,119 - BTCUSDT Нейтральный тренд или далеко от линии поддержки/сопротивления
2026-07-13 13:24:07,865 - BTCUSDT Нейтральный тренд или далеко от линии поддержки/сопротивления
2026-07-13 13:39:12,655 - BTCUSDT Нейтральный тренд или далеко от линии поддержки/сопротивления
2026-07-13 13:54:17,416 - BTCUSDT Нейтральный тренд или далеко от линии поддержки/сопротивления
2026-07-13 14:09:22,167 - BTCUSDT Нейтральный тренд или далеко от линии поддержки/сопротивления
2026-07-13 14:24:26,996 - BTCUSDT Нейтральный тренд или далеко от линии поддержки/сопротивления
2026-07-13 14:39:31,824 - BTCUSDT Нейтральный тренд или далеко от линии поддержки/сопротивления
2026-07-13 14:54:36,597 - BTCUSDT Нейтральный тренд или далеко от линии поддержки/сопротивления
2026-07-13 15:09:41,371 - BTCUSDT Нейтральный тренд или далеко от линии поддержки/сопротивления
2026-07-13 15:24:46,462 - BTCUSDT Нейтральный тренд или далеко от линии поддержки/сопротивления
2026-07-13 16:24:21,219 - BTCUSDT Нейтральный тренд или далеко от линии поддержки/сопротивления
2026-07-13 16:39:26,000 - BTCUSDT Нейтральный тренд или далеко от линии поддержки/сопротивления
2026-07-13 16:54:30,800 - BTCUSDT Нейтральный тренд или далеко от линии поддержки/сопротивления
2026-07-13 17:09:35,551 - BTCUSDT Нейтральный тренд или далеко от линии поддержки/сопротивления
2026-07-13 17:24:40,354 - BTCUSDT Нейтральный тренд или далеко от линии поддержки/сопротивления
2026-07-13 17:39:45,088 - BTCUSDT Нейтральный тренд или далеко от линии поддержки/сопротивления
2026-07-13 17:39:49,305 - ETHUSDT Нейтральный тренд или далеко от линии поддержки/сопротивления
2026-07-13 17:54:53,550 - BTCUSDT Нейтральный тренд или далеко от линии поддержки/сопротивления
2026-07-13 17:54:57,704 - ETHUSDT Нейтральный тренд или далеко от линии поддержки/сопротивления
2026-07-13 18:10:01,860 - BTCUSDT Нейтральный тренд или далеко от линии поддержки/сопротивления
2026-07-13 18:10:06,049 - ETHUSDT Нейтральный тренд или далеко от линии поддержки/сопротивления
2026-07-13 18:25:10,252 - BTCUSDT Нейтральный тренд или далеко от линии поддержки/сопротивления
2026-07-13 18:25:14,434 - ETHUSDT Нейтральный тренд или далеко от линии поддержки/сопротивления
2026-07-13 18:40:18,648 - BTCUSDT Нейтральный тренд или далеко от линии поддержки/сопротивления
2026-07-13 18:40:22,837 - ETHUSDT Нейтральный тренд или далеко от линии поддержки/сопротивления
2026-07-13 18:55:27,054 - BTCUSDT Нейтральный тренд или далеко от линии поддержки/сопротивления
2026-07-13 18:55:31,238 - ETHUSDT Нейтральный тренд или далеко от линии поддержки/сопротивления
2026-07-13 19:10:35,447 - BTCUSDT Нейтральный тренд или далеко от линии поддержки/сопротивления
2026-07-13 19:10:39,743 - ETHUSDT Нейтральный тренд или далеко от линии поддержки/сопротивления
2026-07-13 19:25:43,981 - BTCUSDT Нейтральный тренд или далеко от линии поддержки/сопротивления
2026-07-13 19:25:48,269 - ETHUSDT Нейтральный тренд или далеко от линии поддержки/сопротивления
2026-07-13 19:32:50,440 - BTCUSDT Нейтральный тренд или далеко от линии поддержки/сопротивления
2026-07-13 19:32:54,741 - ETHUSDT Нейтральный тренд или далеко от линии поддержки/сопротивления
2026-07-13 19:34:19,010 - BTCUSDT Нейтральный тренд или далеко от линии поддержки/сопротивления
2026-07-13 19:34:23,302 - ETHUSDT Нейтральный тренд или далеко от линии поддержки/сопротивления
2026-07-13 19:49:27,471 - BTCUSDT Нейтральный тренд или далеко от линии поддержки/сопротивления
2026-07-13 19:49:31,692 - ETHUSDT Нейтральный тренд или далеко от линии поддержки/сопротивления
2026-07-13 20:04:35,961 - BTCUSDT Нейтральный тренд или далеко от линии поддержки/сопротивления
2026-07-13 20:04:40,291 - ETHUSDT Нейтральный тренд или далеко от линии поддержки/сопротивления
2026-07-13 20:54:15,905 - BTCUSDT Нейтральный тренд или далеко от линии поддержки/сопротивления
2026-07-13 20:54:20,138 - ETHUSDT Нейтральный тренд или далеко от линии поддержки/сопротивления
2026-07-13 21:09:24,383 - BTCUSDT Нейтральный тренд или далеко от линии поддержки/сопротивления
2026-07-13 21:09:28,612 - ETHUSDT Нейтральный тренд или далеко от линии поддержки/сопротивления
2026-07-13 21:24:32,852 - BTCUSDT Нейтральный тренд или далеко от линии поддержки/сопротивления
2026-07-13 21:24:37,082 - ETHUSDT Нейтральный тренд или далеко от линии поддержки/сопротивления
2026-07-13 21:39:41,370 - BTCUSDT Нейтральный тренд или далеко от линии поддержки/сопротивления
2026-07-13 21:39:45,596 - ETHUSDT Нейтральный тренд или далеко от линии поддержки/сопротивления
2026-07-13 21:54:49,804 - BTCUSDT Нейтральный тренд или далеко от линии поддержки/сопротивления
2026-07-13 21:54:54,013 - ETHUSDT Нейтральный тренд или далеко от линии поддержки/сопротивления
2026-07-13 22:09:58,283 - BTCUSDT Нейтральный тренд или далеко от линии поддержки/сопротивления
2026-07-13 22:10:02,523 - ETHUSDT Нейтральный тренд или далеко от линии поддержки/сопротивления
2026-07-13 22:25:06,743 - BTCUSDT Нейтральный тренд или далеко от линии поддержки/сопротивления
2026-07-13 22:25:10,943 - ETHUSDT Нейтральный тренд или далеко от линии поддержки/сопротивления
2026-07-13 22:40:15,367 - BTCUSDT Нейтральный тренд или далеко от линии поддержки/сопротивления
2026-07-13 22:40:19,786 - ETHUSDT Нейтральный тренд или далеко от линии поддержки/сопротивления
2026-07-13 22:55:24,330 - BTCUSDT Нейтральный тренд или далеко от линии поддержки/сопротивления
2026-07-13 22:55:28,865 - ETHUSDT Нейтральный тренд или далеко от линии поддержки/сопротивления
2026-07-13 23:10:33,111 - BTCUSDT Нейтральный тренд или далеко от линии поддержки/сопротивления
2026-07-13 23:10:37,370 - ETHUSDT Нейтральный тренд или далеко от линии поддержки/сопротивления
2026-07-13 23:25:41,568 - BTCUSDT Нейтральный тренд или далеко от линии поддержки/сопротивления
2026-07-13 23:25:45,782 - ETHUSDT Нейтральный тренд или далеко от линии поддержки/сопротивления
2026-07-13 23:40:49,941 - BTCUSDT Нейтральный тренд или далеко от линии поддержки/сопротивления
2026-07-13 23:40:54,110 - ETHUSDT Нейтральный тренд или далеко от линии поддержки/сопротивления
2026-07-13 23:55:58,318 - BTCUSDT Нейтральный тренд или далеко от линии поддержки/сопротивления
2026-07-13 23:56:02,463 - ETHUSDT Нейтральный тренд или далеко от линии поддержки/сопротивления
2026-07-14 00:11:06,599 - BTCUSDT Нейтральный тренд или далеко от линии поддержки/сопротивления
2026-07-14 00:11:10,763 - ETHUSDT Нейтральный тренд или далеко от линии поддержки/сопротивления
2026-07-14 00:26:14,990 - BTCUSDT Нейтральный тренд или далеко от линии поддержки/сопротивления
2026-07-14 00:26:19,197 - ETHUSDT Нейтральный тренд или далеко от линии поддержки/сопротивления
2026-07-14 00:41:24,673 - BTCUSDT Нейтральный тренд или далеко от линии поддержки/сопротивления
2026-07-14 00:41:30,215 - ETHUSDT Нейтральный тренд или далеко от линии поддержки/сопротивления
2026-07-14 00:56:35,187 - BTCUSDT Нейтральный тренд или далеко от линии поддержки/сопротивления
2026-07-14 00:56:40,204 - ETHUSDT Нейтральный тренд или далеко от линии поддержки/сопротивления
2026-07-14 01:11:45,285 - BTCUSDT Нейтральный тренд или далеко от линии поддержки/сопротивления
2026-07-14 01:11:50,318 - ETHUSDT Нейтральный тренд или далеко от линии поддержки/сопротивления
2026-07-14 01:26:55,336 - BTCUSDT Нейтральный тренд или далеко от линии поддержки/сопротивления
2026-07-14 01:27:00,321 - ETHUSDT Нейтральный тренд или далеко от линии поддержки/сопротивления
2026-07-14 01:42:04,531 - BTCUSDT Нейтральный тренд или далеко от линии поддержки/сопротивления
2026-07-14 01:42:08,722 - ETHUSDT Нейтральный тренд или далеко от линии поддержки/сопротивления
2026-07-14 01:57:12,906 - BTCUSDT Нейтральный тренд или далеко от линии поддержки/сопротивления
2026-07-14 01:57:17,078 - ETHUSDT Нейтральный тренд или далеко от линии поддержки/сопротивления
2026-07-14 02:12:21,295 - BTCUSDT Нейтральный тренд или далеко от линии поддержки/сопротивления
2026-07-14 02:12:25,542 - ETHUSDT Нейтральный тренд или далеко от линии поддержки/сопротивления
2026-07-14 02:27:29,728 - BTCUSDT Нейтральный тренд или далеко от линии поддержки/сопротивления
2026-07-14 02:27:33,906 - ETHUSDT Нейтральный тренд или далеко от линии поддержки/сопротивления
2026-07-14 02:42:38,136 - BTCUSDT Нейтральный тренд или далеко от линии поддержки/сопротивления
2026-07-14 02:42:42,387 - ETHUSDT Нейтральный тренд или далеко от линии поддержки/сопротивления
2026-07-14 02:57:46,556 - BTCUSDT Нейтральный тренд или далеко от линии поддержки/сопротивления
2026-07-14 02:57:50,737 - ETHUSDT Нейтральный тренд или далеко от линии поддержки/сопротивления
2026-07-14 03:12:54,949 - BTCUSDT Нейтральный тренд или далеко от линии поддержки/сопротивления
2026-07-14 03:12:59,151 - ETHUSDT Нейтральный тренд или далеко от линии поддержки/сопротивления
2026-07-14 03:28:03,360 - BTCUSDT Нейтральный тренд или далеко от линии поддержки/сопротивления
2026-07-14 03:28:07,510 - ETHUSDT Нейтральный тренд или далеко от линии поддержки/сопротивления
2026-07-14 03:43:11,687 - BTCUSDT Нейтральный тренд или далеко от линии поддержки/сопротивления
2026-07-14 03:43:15,856 - ETHUSDT Нейтральный тренд или далеко от линии поддержки/сопротивления
2026-07-14 03:58:20,018 - BTCUSDT Нейтральный тренд или далеко от линии поддержки/сопротивления
2026-07-14 03:58:24,195 - ETHUSDT Нейтральный тренд или далеко от линии поддержки/сопротивления
2026-07-14 04:13:28,408 - BTCUSDT Нейтральный тренд или далеко от линии поддержки/сопротивления
2026-07-14 04:13:32,547 - ETHUSDT Нейтральный тренд или далеко от линии поддержки/сопротивления
2026-07-14 04:28:36,764 - BTCUSDT Нейтральный тренд или далеко от линии поддержки/сопротивления
2026-07-14 04:28:40,936 - ETHUSDT Нейтральный тренд или далеко от линии поддержки/сопротивления
2026-07-14 04:43:45,164 - BTCUSDT Нейтральный тренд или далеко от линии поддержки/сопротивления
2026-07-14 04:43:49,372 - ETHUSDT Нейтральный тренд или далеко от линии поддержки/сопротивления
2026-07-14 04:58:53,566 - BTCUSDT Нейтральный тренд или далеко от линии поддержки/сопротивления
2026-07-14 04:58:57,755 - ETHUSDT Нейтральный тренд или далеко от линии поддержки/сопротивления
2026-07-14 05:14:01,958 - BTCUSDT Нейтральный тренд или далеко от линии поддержки/сопротивления
2026-07-14 05:14:06,118 - ETHUSDT Нейтральный тренд или далеко от линии поддержки/сопротивления
2026-07-14 05:29:10,279 - BTCUSDT Нейтральный тренд или далеко от линии поддержки/сопротивления
2026-07-14 05:29:14,402 - ETHUSDT Нейтральный тренд или далеко от линии поддержки/сопротивления
2026-07-14 05:44:18,607 - BTCUSDT Нейтральный тренд или далеко от линии поддержки/сопротивления
2026-07-14 05:44:22,742 - ETHUSDT Нейтральный тренд или далеко от линии поддержки/сопротивления
2026-07-14 05:59:27,444 - Продажа BTCUSDT
Цена: 62546.6
SL=63092.570999999996
TP=61181.6725
2026-07-13 20:54:11.552705
2026-07-14 05:59:31,622 - ETHUSDT Нейтральный тренд или далеко от линии поддержки/сопротивления
2026-07-14 06:14:36,342 - ETHUSDT Нейтральный тренд или далеко от линии поддержки/сопротивления
2026-07-14 06:29:41,066 - ETHUSDT Нейтральный тренд или далеко от линии поддержки/сопротивления
2026-07-14 06:44:45,786 - ETHUSDT Нейтральный тренд или далеко от линии поддержки/сопротивления
2026-07-14 06:59:50,524 - ETHUSDT Нейтральный тренд или далеко от линии поддержки/сопротивления
2026-07-14 07:14:55,237 - ETHUSDT Нейтральный тренд или далеко от линии поддержки/сопротивления
2026-07-14 07:29:59,956 - ETHUSDT Нейтральный тренд или далеко от линии поддержки/сопротивления
2026-07-14 07:45:04,697 - ETHUSDT Нейтральный тренд или далеко от линии поддержки/сопротивления
2026-07-14 08:00:09,409 - ETHUSDT Нейтральный тренд или далеко от линии поддержки/сопротивления
2026-07-14 08:15:14,152 - ETHUSDT Нейтральный тренд или далеко от линии поддержки/сопротивления
2026-07-14 08:30:18,918 - ETHUSDT Нейтральный тренд или далеко от линии поддержки/сопротивления
2026-07-14 08:45:23,571 - ETHUSDT Нейтральный тренд или далеко от линии поддержки/сопротивления
2026-07-14 09:00:28,290 - ETHUSDT Нейтральный тренд или далеко от линии поддержки/сопротивления
2026-07-14 09:15:33,029 - ETHUSDT Нейтральный тренд или далеко от линии поддержки/сопротивления
2026-07-14 09:30:37,762 - ETHUSDT Нейтральный тренд или далеко от линии поддержки/сопротивления
2026-07-14 09:45:42,475 - ETHUSDT Нейтральный тренд или далеко от линии поддержки/сопротивления
2026-07-14 10:00:47,185 - ETHUSDT Нейтральный тренд или далеко от линии поддержки/сопротивления
2026-07-14 10:15:51,932 - ETHUSDT Нейтральный тренд или далеко от линии поддержки/сопротивления
2026-07-14 10:30:56,779 - ETHUSDT Нейтральный тренд или далеко от линии поддержки/сопротивления
2026-07-14 10:46:01,532 - ETHUSDT Нейтральный тренд или далеко от линии поддержки/сопротивления
2026-07-14 11:01:06,308 - ETHUSDT Нейтральный тренд или далеко от линии поддержки/сопротивления
2026-07-14 11:16:11,053 - ETHUSDT Нейтральный тренд или далеко от линии поддержки/сопротивления
2026-07-14 11:31:15,784 - ETHUSDT Нейтральный тренд или далеко от линии поддержки/сопротивления
2026-07-14 11:46:20,546 - ETHUSDT Нейтральный тренд или далеко от линии поддержки/сопротивления
2026-07-14 12:01:25,360 - ETHUSDT Нейтральный тренд или далеко от линии поддержки/сопротивления
2026-07-14 12:16:30,206 - ETHUSDT Нейтральный тренд или далеко от линии поддержки/сопротивления
2026-07-14 12:31:34,998 - ETHUSDT Нейтральный тренд или далеко от линии поддержки/сопротивления
2026-07-14 12:46:39,834 - ETHUSDT Нейтральный тренд или далеко от линии поддержки/сопротивления
2026-07-14 13:01:44,618 - ETHUSDT Нейтральный тренд или далеко от линии поддержки/сопротивления
2026-07-14 13:16:49,391 - ETHUSDT Нейтральный тренд или далеко от линии поддержки/сопротивления
2026-07-14 13:31:54,169 - ETHUSDT Нейтральный тренд или далеко от линии поддержки/сопротивления
2026-07-14 13:46:58,957 - ETHUSDT Нейтральный тренд или далеко от линии поддержки/сопротивления
2026-07-14 14:02:03,751 - ETHUSDT Нейтральный тренд или далеко от линии поддержки/сопротивления
2026-07-14 14:17:08,733 - ETHUSDT Нейтральный тренд или далеко от линии поддержки/сопротивления
2026-07-14 14:32:13,494 - ETHUSDT Нейтральный тренд или далеко от линии поддержки/сопротивления
2026-07-14 14:47:18,541 - ETHUSDT Нейтральный тренд или далеко от линии поддержки/сопротивления
